2022.01.19 17:14:28 INFO  tracing is disabled for protocol LSP, to enable tracing of incoming and outgoing JSON messages create an empty file at c:\Users\ryuhei\workspace\webapp-curriculum-1006-3\.metals\lsp.trace.json or c:\Users\ryuhei\workspace\webapp-curriculum-1006-3\null\scalameta\metals\cache\lsp.trace.json
2022.01.19 17:14:29 INFO  logging to file C:\Users\ryuhei\workspace\webapp-curriculum-1006-3\.metals\metals.log
2022.01.19 17:14:29 INFO  Started: Metals version 0.11.1 in workspace 'C:\Users\ryuhei\workspace\webapp-curriculum-1006-3' for client Visual Studio Code 1.63.2.
2022.01.19 17:14:29 INFO  Parse release: 11.0.2
2022.01.19 17:14:31 INFO  time: initialize in 2.07s
2022.01.19 17:14:31 WARN  Build server is not auto-connectable.
2022.01.19 17:14:32 WARN  no build target for: C:\Users\ryuhei\workspace\webapp-curriculum-1006-3\src\main\scala\Main.scala
2022.01.19 17:14:32 WARN  no build target for: C:\Users\ryuhei\workspace\webapp-curriculum-1006-3\build.sbt
2022.01.19 17:14:34 INFO  no build target found for C:\Users\ryuhei\workspace\webapp-curriculum-1006-3\build.sbt. Using presentation compiler with project's scala-library version: 3.1.0
2022.01.19 17:14:35 INFO  time: code lens generation in 3.89s
2022.01.19 17:14:50 WARN  no build target for: C:\Users\ryuhei\workspace\webapp-curriculum-1006-3\project\assembly.sbt
2022.01.19 17:14:58 WARN  no build target for: C:\Users\ryuhei\workspace\webapp-curriculum-1006-3\project\assembly.sbt
2022.01.19 17:15:17 WARN  no build target for: C:\Users\ryuhei\workspace\webapp-curriculum-1006-3\build.sbt
2022.01.19 17:15:17 INFO  skipping build import with status 'Dismissed'
2022.01.19 17:16:17 WARN  no build target for: C:\Users\ryuhei\workspace\webapp-curriculum-1006-3\src\main\scala\Main.scala
2022.01.19 17:16:20 WARN  no build target for: C:\Users\ryuhei\workspace\webapp-curriculum-1006-3\src\main\scala\Main.scala
2022.01.19 17:16:31 WARN  no build target for: C:\Users\ryuhei\workspace\webapp-curriculum-1006-3\src\main\scala\Main.scala
2022.01.19 17:16:42 WARN  no build target for: C:\Users\ryuhei\workspace\webapp-curriculum-1006-3\src\main\scala\Main.scala
2022.01.19 17:16:46 WARN  no build target for: C:\Users\ryuhei\workspace\webapp-curriculum-1006-3\src\main\scala\Main.scala
2022.01.19 17:16:53 WARN  no build target for: C:\Users\ryuhei\workspace\webapp-curriculum-1006-3\src\main\scala\Main.scala
2022.01.19 17:16:56 WARN  no build target for: C:\Users\ryuhei\workspace\webapp-curriculum-1006-3\src\main\scala\Main.scala
2022.01.19 17:17:04 WARN  no build target for: C:\Users\ryuhei\workspace\webapp-curriculum-1006-3\src\main\scala\Main.scala
2022.01.19 17:17:12 WARN  no build target for: C:\Users\ryuhei\workspace\webapp-curriculum-1006-3\src\main\scala\Main.scala
2022.01.19 17:17:17 WARN  no build target for: C:\Users\ryuhei\workspace\webapp-curriculum-1006-3\src\main\scala\Main.scala
2022.01.19 17:17:21 WARN  no build target for: C:\Users\ryuhei\workspace\webapp-curriculum-1006-3\src\main\scala\Main.scala
2022.01.19 17:17:51 WARN  no build target for: C:\Users\ryuhei\workspace\webapp-curriculum-1006-3\src\main\scala\Main.scala
2022.01.19 17:18:01 WARN  no build target for: C:\Users\ryuhei\workspace\webapp-curriculum-1006-3\src\main\scala\Main.scala
2022.01.19 17:18:31 WARN  no build target for: C:\Users\ryuhei\workspace\webapp-curriculum-1006-3\src\main\scala\Main.scala
2022.01.19 17:18:35 WARN  no build target for: C:\Users\ryuhei\workspace\webapp-curriculum-1006-3\src\main\scala\Main.scala
2022.01.19 17:18:37 WARN  no build target for: C:\Users\ryuhei\workspace\webapp-curriculum-1006-3\src\main\scala\Main.scala
2022.01.19 17:18:42 WARN  no build target for: C:\Users\ryuhei\workspace\webapp-curriculum-1006-3\src\main\scala\Main.scala
2022.01.19 17:18:47 WARN  no build target for: C:\Users\ryuhei\workspace\webapp-curriculum-1006-3\src\main\scala\Main.scala
2022.01.19 17:19:03 WARN  no build target for: C:\Users\ryuhei\workspace\webapp-curriculum-1006-3\src\main\scala\Main.scala
2022.01.19 17:19:14 WARN  no build target for: C:\Users\ryuhei\workspace\webapp-curriculum-1006-3\src\main\scala\Main.scala
2022.01.19 17:19:15 WARN  no build target for: C:\Users\ryuhei\workspace\webapp-curriculum-1006-3\src\main\scala\Main.scala
1åé 19, 2022 5:19:17 åﬂå„ org.eclipse.lsp4j.jsonrpc.RemoteEndpoint fallbackResponseError
èdëÂ: Internal error: java.lang.reflect.InvocationTargetException
java.lang.RuntimeException: java.lang.reflect.InvocationTargetException
	at org.eclipse.lsp4j.jsonrpc.services.GenericEndpoint.lambda$null$0(GenericEndpoint.java:67)
	at org.eclipse.lsp4j.jsonrpc.services.GenericEndpoint.request(GenericEndpoint.java:120)
	at org.eclipse.lsp4j.jsonrpc.RemoteEndpoint.handleRequest(RemoteEndpoint.java:261)
	at org.eclipse.lsp4j.jsonrpc.RemoteEndpoint.consume(RemoteEndpoint.java:190)
	at org.eclipse.lsp4j.jsonrpc.json.StreamMessageProducer.handleMessage(StreamMessageProducer.java:194)
	at org.eclipse.lsp4j.jsonrpc.json.StreamMessageProducer.listen(StreamMessageProducer.java:94)
	at org.eclipse.lsp4j.jsonrpc.json.ConcurrentMessageProcessor.run(ConcurrentMessageProcessor.java:113)
	at java.base/java.util.concurrent.Executors$RunnableAdapter.call(Executors.java:515)
	at java.base/java.util.concurrent.FutureTask.run(FutureTask.java:264)
	at java.base/java.util.concurrent.ThreadPoolExecutor.runWorker(ThreadPoolExecutor.java:1128)
	at java.base/java.util.concurrent.ThreadPoolExecutor$Worker.run(ThreadPoolExecutor.java:628)
	at java.base/java.lang.Thread.run(Thread.java:834)
Caused by: java.lang.reflect.InvocationTargetException
	at jdk.internal.reflect.GeneratedMethodAccessor7.invoke(Unknown Source)
	at java.base/jdk.internal.reflect.DelegatingMethodAccessorImpl.invoke(DelegatingMethodAccessorImpl.java:43)
	at java.base/java.lang.reflect.Method.invoke(Method.java:566)
	at org.eclipse.lsp4j.jsonrpc.services.GenericEndpoint.lambda$null$0(GenericEndpoint.java:65)
	... 11 more
Caused by: java.lang.IllegalArgumentException: 15 is not a valid line number, allowed [0..12]
	at scala.meta.internal.inputs.InternalInput.lineToOffset(InternalInput.scala:37)
	at scala.meta.internal.inputs.InternalInput.lineToOffset$(InternalInput.scala:32)
	at scala.meta.inputs.Input$VirtualFile.lineToOffset(Input.scala:80)
	at scala.meta.inputs.Position$Range$.apply(Position.scala:59)
	at scala.meta.internal.mtags.MtagsEnrichments$XtensionPositionLspInverse.toMeta(MtagsEnrichments.scala:133)
	at scala.meta.internal.parsing.Trees.$anonfun$findLastEnclosingAt$4(Trees.scala:77)
	at scala.Option.flatMap(Option.scala:271)
	at scala.meta.internal.parsing.Trees.findLastEnclosingAt(Trees.scala:76)
	at scala.meta.internal.metals.codeactions.PatternMatchRefactor.contribute(PatternMatchRefactor.scala:96)
	at scala.meta.internal.metals.CodeActionProvider$$anonfun$1.applyOrElse(CodeActionProvider.scala:64)
	at scala.meta.internal.metals.CodeActionProvider$$anonfun$1.applyOrElse(CodeActionProvider.scala:63)
	at scala.collection.immutable.List.collect(List.scala:323)
	at scala.meta.internal.metals.CodeActionProvider.codeActions(CodeActionProvider.scala:63)
	at scala.meta.internal.metals.MetalsLanguageServer.$anonfun$codeAction$1(MetalsLanguageServer.scala:1592)
	at scala.meta.internal.metals.CancelTokens$.future(CancelTokens.scala:38)
	at scala.meta.internal.metals.MetalsLanguageServer.codeAction(MetalsLanguageServer.scala:1591)
	... 15 more

2022.01.19 17:19:18 WARN  no build target for: C:\Users\ryuhei\workspace\webapp-curriculum-1006-3\src\main\scala\Main.scala
1åé 19, 2022 5:19:18 åﬂå„ org.eclipse.lsp4j.jsonrpc.RemoteEndpoint fallbackResponseError
èdëÂ: Internal error: java.lang.reflect.InvocationTargetException
java.lang.RuntimeException: java.lang.reflect.InvocationTargetException
	at org.eclipse.lsp4j.jsonrpc.services.GenericEndpoint.lambda$null$0(GenericEndpoint.java:67)
	at org.eclipse.lsp4j.jsonrpc.services.GenericEndpoint.request(GenericEndpoint.java:120)
	at org.eclipse.lsp4j.jsonrpc.RemoteEndpoint.handleRequest(RemoteEndpoint.java:261)
	at org.eclipse.lsp4j.jsonrpc.RemoteEndpoint.consume(RemoteEndpoint.java:190)
	at org.eclipse.lsp4j.jsonrpc.json.StreamMessageProducer.handleMessage(StreamMessageProducer.java:194)
	at org.eclipse.lsp4j.jsonrpc.json.StreamMessageProducer.listen(StreamMessageProducer.java:94)
	at org.eclipse.lsp4j.jsonrpc.json.ConcurrentMessageProcessor.run(ConcurrentMessageProcessor.java:113)
	at java.base/java.util.concurrent.Executors$RunnableAdapter.call(Executors.java:515)
	at java.base/java.util.concurrent.FutureTask.run(FutureTask.java:264)
	at java.base/java.util.concurrent.ThreadPoolExecutor.runWorker(ThreadPoolExecutor.java:1128)
	at java.base/java.util.concurrent.ThreadPoolExecutor$Worker.run(ThreadPoolExecutor.java:628)
	at java.base/java.lang.Thread.run(Thread.java:834)
Caused by: java.lang.reflect.InvocationTargetException
	at jdk.internal.reflect.GeneratedMethodAccessor7.invoke(Unknown Source)
	at java.base/jdk.internal.reflect.DelegatingMethodAccessorImpl.invoke(DelegatingMethodAccessorImpl.java:43)
	at java.base/java.lang.reflect.Method.invoke(Method.java:566)
	at org.eclipse.lsp4j.jsonrpc.services.GenericEndpoint.lambda$null$0(GenericEndpoint.java:65)
	... 11 more
Caused by: java.lang.IllegalArgumentException: 15 is not a valid line number, allowed [0..12]
	at scala.meta.internal.inputs.InternalInput.lineToOffset(InternalInput.scala:37)
	at scala.meta.internal.inputs.InternalInput.lineToOffset$(InternalInput.scala:32)
	at scala.meta.inputs.Input$VirtualFile.lineToOffset(Input.scala:80)
	at scala.meta.inputs.Position$Range$.apply(Position.scala:59)
	at scala.meta.internal.mtags.MtagsEnrichments$XtensionPositionLspInverse.toMeta(MtagsEnrichments.scala:133)
	at scala.meta.internal.parsing.Trees.$anonfun$findLastEnclosingAt$4(Trees.scala:77)
	at scala.Option.flatMap(Option.scala:271)
	at scala.meta.internal.parsing.Trees.findLastEnclosingAt(Trees.scala:76)
	at scala.meta.internal.metals.codeactions.PatternMatchRefactor.contribute(PatternMatchRefactor.scala:96)
	at scala.meta.internal.metals.CodeActionProvider$$anonfun$1.applyOrElse(CodeActionProvider.scala:64)
	at scala.meta.internal.metals.CodeActionProvider$$anonfun$1.applyOrElse(CodeActionProvider.scala:63)
	at scala.collection.immutable.List.collect(List.scala:323)
	at scala.meta.internal.metals.CodeActionProvider.codeActions(CodeActionProvider.scala:63)
	at scala.meta.internal.metals.MetalsLanguageServer.$anonfun$codeAction$1(MetalsLanguageServer.scala:1592)
	at scala.meta.internal.metals.CancelTokens$.future(CancelTokens.scala:38)
	at scala.meta.internal.metals.MetalsLanguageServer.codeAction(MetalsLanguageServer.scala:1591)
	... 15 more

2022.01.19 17:20:02 WARN  no build target for: C:\Users\ryuhei\workspace\webapp-curriculum-1006-3\src\main\scala\Main.scala
1åé 19, 2022 5:20:02 åﬂå„ org.eclipse.lsp4j.jsonrpc.RemoteEndpoint fallbackResponseError
èdëÂ: Internal error: java.lang.reflect.InvocationTargetException
java.lang.RuntimeException: java.lang.reflect.InvocationTargetException
	at org.eclipse.lsp4j.jsonrpc.services.GenericEndpoint.lambda$null$0(GenericEndpoint.java:67)
	at org.eclipse.lsp4j.jsonrpc.services.GenericEndpoint.request(GenericEndpoint.java:120)
	at org.eclipse.lsp4j.jsonrpc.RemoteEndpoint.handleRequest(RemoteEndpoint.java:261)
	at org.eclipse.lsp4j.jsonrpc.RemoteEndpoint.consume(RemoteEndpoint.java:190)
	at org.eclipse.lsp4j.jsonrpc.json.StreamMessageProducer.handleMessage(StreamMessageProducer.java:194)
	at org.eclipse.lsp4j.jsonrpc.json.StreamMessageProducer.listen(StreamMessageProducer.java:94)
	at org.eclipse.lsp4j.jsonrpc.json.ConcurrentMessageProcessor.run(ConcurrentMessageProcessor.java:113)
	at java.base/java.util.concurrent.Executors$RunnableAdapter.call(Executors.java:515)
	at java.base/java.util.concurrent.FutureTask.run(FutureTask.java:264)
	at java.base/java.util.concurrent.ThreadPoolExecutor.runWorker(ThreadPoolExecutor.java:1128)
	at java.base/java.util.concurrent.ThreadPoolExecutor$Worker.run(ThreadPoolExecutor.java:628)
	at java.base/java.lang.Thread.run(Thread.java:834)
Caused by: java.lang.reflect.InvocationTargetException
	at jdk.internal.reflect.GeneratedMethodAccessor7.invoke(Unknown Source)
	at java.base/jdk.internal.reflect.DelegatingMethodAccessorImpl.invoke(DelegatingMethodAccessorImpl.java:43)
	at java.base/java.lang.reflect.Method.invoke(Method.java:566)
	at org.eclipse.lsp4j.jsonrpc.services.GenericEndpoint.lambda$null$0(GenericEndpoint.java:65)
	... 11 more
Caused by: java.lang.IllegalArgumentException: 13 is not a valid line number, allowed [0..12]
	at scala.meta.internal.inputs.InternalInput.lineToOffset(InternalInput.scala:37)
	at scala.meta.internal.inputs.InternalInput.lineToOffset$(InternalInput.scala:32)
	at scala.meta.inputs.Input$VirtualFile.lineToOffset(Input.scala:80)
	at scala.meta.inputs.Position$Range$.apply(Position.scala:59)
	at scala.meta.internal.mtags.MtagsEnrichments$XtensionPositionLspInverse.toMeta(MtagsEnrichments.scala:133)
	at scala.meta.internal.parsing.Trees.$anonfun$findLastEnclosingAt$4(Trees.scala:77)
	at scala.Option.flatMap(Option.scala:271)
	at scala.meta.internal.parsing.Trees.findLastEnclosingAt(Trees.scala:76)
	at scala.meta.internal.metals.codeactions.PatternMatchRefactor.contribute(PatternMatchRefactor.scala:96)
	at scala.meta.internal.metals.CodeActionProvider$$anonfun$1.applyOrElse(CodeActionProvider.scala:64)
	at scala.meta.internal.metals.CodeActionProvider$$anonfun$1.applyOrElse(CodeActionProvider.scala:63)
	at scala.collection.immutable.List.collect(List.scala:323)
	at scala.meta.internal.metals.CodeActionProvider.codeActions(CodeActionProvider.scala:63)
	at scala.meta.internal.metals.MetalsLanguageServer.$anonfun$codeAction$1(MetalsLanguageServer.scala:1592)
	at scala.meta.internal.metals.CancelTokens$.future(CancelTokens.scala:38)
	at scala.meta.internal.metals.MetalsLanguageServer.codeAction(MetalsLanguageServer.scala:1591)
	... 15 more

2022.01.19 17:20:08 WARN  no build target for: C:\Users\ryuhei\workspace\webapp-curriculum-1006-3\src\main\scala\Main.scala
2022.01.19 17:20:20 WARN  no build target for: C:\Users\ryuhei\workspace\webapp-curriculum-1006-3\src\main\scala\Main.scala
2022.01.19 17:20:27 WARN  no build target for: C:\Users\ryuhei\workspace\webapp-curriculum-1006-3\src\main\scala\Main.scala
2022.01.19 17:20:33 WARN  no build target for: C:\Users\ryuhei\workspace\webapp-curriculum-1006-3\src\main\scala\Main.scala
2022.01.19 17:20:38 WARN  no build target for: C:\Users\ryuhei\workspace\webapp-curriculum-1006-3\src\main\scala\Main.scala
2022.01.19 17:20:40 WARN  no build target for: C:\Users\ryuhei\workspace\webapp-curriculum-1006-3\src\main\scala\Main.scala
2022.01.19 17:20:43 WARN  no build target for: C:\Users\ryuhei\workspace\webapp-curriculum-1006-3\src\main\scala\Main.scala
2022.01.19 17:21:01 WARN  no build target for: C:\Users\ryuhei\workspace\webapp-curriculum-1006-3\src\main\scala\Main.scala
2022.01.19 17:21:12 WARN  no build target for: C:\Users\ryuhei\workspace\webapp-curriculum-1006-3\src\main\scala\Main.scala
2022.01.19 17:21:18 WARN  no build target for: C:\Users\ryuhei\workspace\webapp-curriculum-1006-3\src\main\scala\Main.scala
2022.01.19 17:21:25 WARN  no build target for: C:\Users\ryuhei\workspace\webapp-curriculum-1006-3\src\main\scala\Main.scala
2022.01.19 17:21:28 WARN  no build target for: C:\Users\ryuhei\workspace\webapp-curriculum-1006-3\src\main\scala\Main.scala
2022.01.19 17:21:29 WARN  no build target for: C:\Users\ryuhei\workspace\webapp-curriculum-1006-3\src\main\scala\Main.scala
2022.01.19 17:21:31 WARN  no build target for: C:\Users\ryuhei\workspace\webapp-curriculum-1006-3\src\main\scala\Main.scala
2022.01.19 17:22:42 WARN  no build target for: C:\Users\ryuhei\workspace\webapp-curriculum-1006-3\src\main\scala\Main.scala
2022.01.19 17:23:16 WARN  no build target for: C:\Users\ryuhei\workspace\webapp-curriculum-1006-3\src\main\scala\Main.scala
